$ rsbuild dev --host "0.0.0.0" --port "5174"
error   [browser] Uncaught (in promise) TypeError: Cannot read properties of null (reading 'map') at loadModels (src\components\table\tokens\modals\EditTokenModal.jsx:112:0)
error   [browser] Uncaught (in promise) TypeError: Cannot read properties of null (reading 'map') at loadModels (src\components\table\tokens\modals\BatchAddTokenModal.jsx:183:0)
error   [browser] Uncaught (in promise) TypeError: Cannot read properties of null (reading 'map') at loadModels (src\components\table\tokens\modals\EditTokenModal.jsx:112:0)
error   [browser] Uncaught (in promise) TypeError: Cannot read properties of null (reading 'map') at loadModels (src\components\table\tokens\modals\BatchAddTokenModal.jsx:183:0)
error   [browser] Uncaught (in promise) TypeError: Cannot read properties of null (reading 'map') at loadModels (src\components\table\tokens\modals\EditTokenModal.jsx:112:0)
error   [browser] Uncaught (in promise) TypeError: Cannot read properties of null (reading 'map') at loadModels (src\components\table\tokens\modals\EditTokenModal.jsx:112:0)
error   [browser] Uncaught (in promise) TypeError: Cannot read properties of null (reading 'map') at loadModels (src\components\table\tokens\modals\BatchAddTokenModal.jsx:183:0)
error   [browser] Uncaught (in promise) TypeError: Cannot read properties of null (reading 'map') at loadModels (src\components\table\tokens\modals\EditTokenModal.jsx:112:0)
error   [browser] Uncaught (in promise) TypeError: Cannot read properties of null (reading 'map') at loadModels (src\components\table\tokens\modals\EditTokenModal.jsx:112:0)
error   [browser] Uncaught (in promise) TypeError: Cannot read properties of null (reading 'map') at loadModels (src\components\table\tokens\modals\BatchAddTokenModal.jsx:183:0)
error   [browser] Uncaught (in promise) TypeError: Cannot read properties of null (reading 'map') at loadModels (src\components\table\tokens\modals\EditTokenModal.jsx:112:0)
error   [browser] Uncaught (in promise) TypeError: Cannot read properties of null (reading 'map') at loadModels (src\components\table\tokens\modals\BatchAddTokenModal.jsx:183:0)
error   [browser] Uncaught (in promise) AxiosError: Request failed with status code 404 at settle (..\node_modules\.bun\axios@1.16.1\node_modules\axios\lib\core\settle.js:19:0)
error   [http-proxy-middleware]: [HPM] Error occurred while proxying request %s to %s [%s] (%s)
error   [http-proxy-middleware]: [HPM] Error occurred while proxying request %s to %s [%s] (%s)
error   [http-proxy-middleware]: [HPM] Error occurred while proxying request %s to %s [%s] (%s)
error   [http-proxy-middleware]: [HPM] Error occurred while proxying request %s to %s [%s] (%s)
error   [http-proxy-middleware]: [HPM] Error occurred while proxying request %s to %s [%s] (%s)
error   [browser] Uncaught (in promise) AxiosError: Request failed with status code 504 at settle (..\node_modules\.bun\axios@1.16.1\node_modules\axios\lib\core\settle.js:19:0)
error   [http-proxy-middleware]: [HPM] Error occurred while proxying request %s to %s [%s] (%s)
error   [http-proxy-middleware]: [HPM] Error occurred while proxying request %s to %s [%s] (%s)
error   [http-proxy-middleware]: [HPM] Error occurred while proxying request %s to %s [%s] (%s)
error   [http-proxy-middleware]: [HPM] Error occurred while proxying request %s to %s [%s] (%s)
error   [http-proxy-middleware]: [HPM] Error occurred while proxying request %s to %s [%s] (%s)
error   [http-proxy-middleware]: [HPM] Error occurred while proxying request %s to %s [%s] (%s)
error   [http-proxy-middleware]: [HPM] Error occurred while proxying request %s to %s [%s] (%s)
error   [http-proxy-middleware]: [HPM] Error occurred while proxying request %s to %s [%s] (%s)
error   [http-proxy-middleware]: [HPM] Error occurred while proxying request %s to %s [%s] (%s)
error   [http-proxy-middleware]: [HPM] Error occurred while proxying request %s to %s [%s] (%s)
error   [http-proxy-middleware]: [HPM] Error occurred while proxying request %s to %s [%s] (%s)
error   [http-proxy-middleware]: [HPM] Error occurred while proxying request %s to %s [%s] (%s)
error   [http-proxy-middleware]: [HPM] Error occurred while proxying request %s to %s [%s] (%s)
error   [http-proxy-middleware]: [HPM] Error occurred while proxying request %s to %s [%s] (%s)
error   [http-proxy-middleware]: [HPM] Error occurred while proxying request %s to %s [%s] (%s)
error   [browser] Uncaught (in promise) TypeError: Cannot read properties of null (reading 'map') at loadModels (src\components\table\tokens\modals\EditTokenModal.jsx:112:0)
